SF:lib/utils/formatters.dart
DA:7,1
DA:8,1
DA:9,5
DA:13,1
DA:14,4
DA:15,3
DA:16,1
DA:20,1
DA:21,1
DA:22,2
DA:23,1
DA:24,1
DA:25,1
DA:26,1
DA:27,1
DA:31,1
DA:32,3
DA:33,3
DA:34,5
DA:35,6
LF:20
LH:20
end_of_record
SF:lib/screens/forgot_password_screen.dart
DA:4,1
DA:6,1
DA:7,1
DA:20,1
DA:22,2
DA:23,1
DA:26,1
DA:27,3
DA:31,0
DA:32,0
DA:36,1
DA:37,1
DA:45,1
DA:46,1
DA:49,1
DA:50,1
DA:53,1
DA:54,1
DA:63,1
DA:65,1
DA:67,1
DA:71,1
DA:73,0
DA:74,0
DA:82,1
DA:83,1
DA:84,1
DA:86,1
DA:88,1
DA:90,1
DA:92,1
DA:93,1
DA:95,1
DA:97,1
DA:98,0
DA:99,1
DA:109,1
DA:110,1
DA:111,1
DA:112,1
DA:114,1
DA:115,1
DA:116,1
DA:147,1
DA:148,1
DA:150,1
DA:151,1
DA:152,2
DA:156,1
DA:164,1
DA:166,1
DA:167,1
DA:168,1
DA:172,1
DA:173,1
DA:201,0
DA:202,0
DA:204,0
DA:226,0
DA:227,0
DA:236,0
DA:238,0
DA:239,0
DA:240,0
DA:242,0
DA:246,0
DA:247,0
DA:260,0
DA:261,0
DA:262,0
DA:263,0
LF:71
LH:50
end_of_record
SF:lib/screens/menu_assignment_screen.dart
DA:8,1
DA:14,1
DA:15,1
DA:28,1
DA:30,2
DA:31,2
DA:32,1
DA:35,0
DA:36,0
DA:37,0
DA:38,0
DA:44,1
DA:45,3
DA:49,0
DA:52,0
DA:53,0
DA:58,0
DA:60,0
DA:61,0
DA:62,0
DA:66,0
DA:68,0
DA:69,0
DA:71,0
DA:72,0
DA:74,0
DA:75,0
DA:76,0
DA:82,1
DA:84,1
DA:86,1
DA:97,1
DA:98,1
DA:100,1
DA:102,1
DA:104,1
DA:106,1
DA:107,1
DA:108,1
DA:110,1
DA:111,1
DA:112,3
DA:120,1
DA:121,1
DA:127,1
DA:128,2
DA:133,1
DA:134,1
DA:142,1
DA:143,2
DA:148,1
DA:150,1
DA:152,1
DA:174,1
DA:175,2
DA:176,1
DA:186,1
DA:187,1
DA:189,1
LF:59
LH:40
end_of_record
SF:lib/screens/appointment_confirmation_screen.dart
DA:7,1
DA:9,1
DA:11,1
DA:27,1
DA:29,1
DA:30,4
DA:33,1
DA:34,4
DA:35,4
DA:36,1
DA:37,1
DA:38,1
DA:39,1
DA:40,2
DA:41,2
DA:45,1
DA:46,1
DA:47,1
DA:48,2
DA:51,1
DA:52,4
DA:54,5
DA:56,4
DA:57,2
DA:58,1
DA:59,1
DA:60,1
DA:61,1
DA:63,1
DA:66,0
DA:67,0
DA:68,0
DA:72,0
DA:73,0
DA:74,0
DA:75,0
DA:77,0
DA:79,0
DA:80,0
DA:81,0
DA:84,0
DA:85,0
DA:86,0
DA:88,0
DA:89,0
DA:90,0
DA:97,1
DA:99,2
DA:100,2
DA:102,1
DA:104,1
DA:106,1
DA:117,1
DA:118,1
DA:119,1
DA:121,1
DA:123,1
DA:125,1
DA:127,1
DA:129,1
DA:130,1
DA:135,1
DA:146,1
DA:159,1
DA:160,5
DA:170,1
DA:174,1
DA:176,1
DA:177,1
DA:199,0
DA:208,1
DA:216,1
DA:217,1
DA:218,1
DA:220,1
DA:221,1
DA:223,0
DA:226,1
DA:235,1
DA:237,1
DA:238,1
DA:240,0
DA:243,1
DA:251,1
DA:253,1
DA:254,0
DA:255,1
LF:87
LH:66
end_of_record
SF:lib/screens/login_screen.dart
DA:7,1
DA:9,1
DA:10,1
DA:23,1
DA:25,2
DA:26,2
DA:27,1
DA:30,1
DA:31,3
DA:32,1
DA:33,1
DA:40,1
DA:41,4
DA:42,0
DA:43,1
DA:47,0
DA:48,0
DA:52,0
DA:53,0
DA:54,0
DA:57,0
DA:59,0
DA:63,0
DA:64,0
DA:65,0
DA:66,0
DA:67,0
DA:69,0
DA:71,0
DA:74,0
DA:75,0
DA:77,0
DA:78,0
DA:81,0
DA:83,0
DA:84,0
DA:86,0
DA:88,0
DA:89,0
DA:90,0
DA:96,1
DA:100,1
DA:102,1
DA:105,1
DA:106,1
DA:109,1
DA:110,1
DA:113,1
DA:114,1
DA:123,1
DA:125,1
DA:127,1
DA:128,1
DA:129,1
DA:130,1
DA:133,1
DA:142,1
DA:145,1
DA:154,1
DA:155,1
DA:160,1
DA:162,1
DA:164,1
DA:166,1
DA:167,1
DA:169,1
DA:171,1
DA:173,1
DA:174,1
DA:175,1
DA:200,1
DA:201,1
DA:203,1
DA:209,1
DA:210,1
DA:212,1
DA:217,1
DA:219,1
DA:220,0
DA:221,0
DA:223,0
DA:224,0
DA:238,1
DA:240,1
DA:241,2
DA:242,1
DA:246,1
DA:247,1
DA:250,1
DA:285,1
DA:287,1
DA:288,0
DA:289,0
DA:291,0
DA:292,0
DA:306,1
DA:312,1
DA:313,1
LF:98
LH:64
end_of_record
SF:lib/screens/register_screen.dart
DA:5,0
DA:7,1
DA:8,1
DA:29,1
DA:31,2
DA:32,2
DA:33,2
DA:34,2
DA:35,2
DA:36,1
DA:39,1
DA:44,1
DA:46,1
DA:50,1
DA:51,1
DA:54,1
DA:55,1
DA:58,1
DA:59,1
DA:68,1
DA:69,3
DA:73,0
DA:74,0
DA:77,0
DA:80,0
DA:81,0
DA:82,0
DA:83,0
DA:84,0
DA:85,0
DA:90,0
DA:92,0
DA:93,0
DA:97,0
DA:98,0
DA:99,0
DA:105,0
DA:107,0
DA:108,0
DA:109,0
DA:110,0
DA:111,0
DA:117,0
DA:118,0
DA:119,0
DA:120,0
DA:126,0
DA:127,0
DA:128,0
DA:134,1
DA:136,1
DA:138,1
DA:142,1
DA:144,0
DA:145,0
DA:153,1
DA:154,1
DA:155,1
DA:157,1
DA:159,1
DA:161,1
DA:163,1
DA:164,1
DA:166,1
DA:168,1
DA:169,1
DA:170,1
DA:172,1
DA:173,1
DA:174,1
DA:198,1
DA:199,1
DA:201,1
DA:205,1
DA:206,2
DA:213,1
DA:214,1
DA:216,1
DA:220,1
DA:221,2
DA:225,0
DA:233,1
DA:234,1
DA:236,1
DA:240,1
DA:241,2
DA:248,1
DA:249,1
DA:250,1
DA:251,1
DA:254,1
DA:256,0
DA:257,0
DA:258,0
DA:261,1
DA:262,1
DA:268,1
DA:269,2
DA:276,1
DA:277,1
DA:278,1
DA:279,1
DA:282,1
DA:284,0
DA:285,0
DA:286,0
DA:287,0
DA:290,1
DA:291,1
DA:297,1
DA:298,3
DA:305,1
DA:307,1
DA:308,1
DA:309,1
DA:319,1
DA:320,1
DA:324,1
DA:325,2
DA:326,1
DA:331,2
DA:333,1
DA:335,1
DA:337,1
DA:338,1
DA:363,1
DA:364,1
DA:366,1
DA:367,2
DA:368,1
DA:372,1
DA:373,1
DA:376,1
DA:394,1
DA:395,1
LF:135
LH:96
end_of_record
SF:lib/screens/consultation_form_screen.dart
DA:8,1
DA:14,1
DA:16,1
DA:34,1
DA:36,2
DA:37,2
DA:38,2
DA:39,2
DA:40,2
DA:41,2
DA:42,1
DA:45,1
DA:46,3
DA:50,0
DA:53,0
DA:54,0
DA:58,0
DA:59,0
DA:60,0
DA:61,0
DA:62,0
DA:63,0
DA:64,0
DA:65,0
DA:66,0
DA:67,0
DA:70,0
DA:72,0
DA:79,0
DA:81,0
DA:82,0
DA:83,0
DA:84,0
DA:89,0
DA:90,0
DA:91,0
DA:97,1
DA:98,1
DA:100,1
DA:101,1
DA:102,1
DA:107,1
DA:109,1
DA:111,1
DA:122,1
DA:123,1
DA:125,1
DA:127,1
DA:129,1
DA:131,1
DA:132,1
DA:133,1
DA:135,1
DA:136,1
DA:137,3
DA:145,1
DA:146,1
DA:149,1
DA:153,1
DA:154,1
DA:159,1
DA:160,1
DA:163,1
DA:167,1
DA:168,1
DA:173,1
DA:174,1
DA:175,1
DA:190,0
DA:191,0
DA:192,0
DA:197,1
DA:198,1
DA:200,1
DA:201,1
DA:202,1
DA:207,1
DA:208,1
DA:211,1
DA:212,1
DA:213,1
DA:218,1
DA:219,1
DA:222,1
DA:226,1
DA:227,1
DA:232,1
DA:233,1
DA:235,1
DA:241,1
DA:242,2
DA:243,1
DA:253,1
DA:254,1
DA:256,1
LF:95
LH:69
end_of_record
SF:lib/screens/schedule_appointment_screen.dart
DA:8,1
DA:14,1
DA:16,1
DA:33,1
DA:35,2
DA:36,1
DA:39,0
DA:40,0
DA:41,0
DA:42,0
DA:45,0
DA:46,0
DA:47,0
DA:48,0
DA:49,0
DA:50,0
DA:55,0
DA:56,0
DA:61,0
DA:62,0
DA:63,0
DA:69,0
DA:70,0
DA:75,1
DA:76,3
DA:80,1
DA:81,3
DA:91,0
DA:94,0
DA:95,0
DA:99,0
DA:100,0
DA:101,0
DA:102,0
DA:103,0
DA:104,0
DA:105,0
DA:107,0
DA:108,0
DA:109,0
DA:110,0
DA:111,0
DA:114,0
DA:117,0
DA:119,0
DA:127,0
DA:129,0
DA:130,0
DA:131,0
DA:132,0
DA:138,0
DA:139,0
DA:140,0
DA:146,1
DA:150,1
DA:152,1
DA:155,1
DA:156,1
DA:159,1
DA:160,1
DA:163,1
DA:164,1
DA:173,1
DA:175,1
DA:177,1
DA:181,1
DA:183,0
DA:184,0
DA:199,1
DA:200,1
DA:202,1
DA:204,1
DA:206,1
DA:208,1
DA:209,1
DA:211,1
DA:213,1
DA:214,1
DA:215,1
DA:217,1
DA:218,1
DA:219,1
DA:229,1
DA:230,1
DA:232,1
DA:242,1
DA:243,3
DA:254,1
DA:256,1
DA:258,1
DA:260,1
DA:261,1
DA:265,1
DA:266,3
DA:276,1
DA:277,1
DA:278,1
DA:292,0
DA:293,0
DA:294,0
DA:299,1
DA:300,1
DA:301,1
DA:302,1
DA:303,1
DA:304,1
DA:305,1
DA:306,1
DA:310,1
DA:311,1
DA:313,0
DA:314,1
DA:315,1
DA:324,1
DA:325,1
DA:326,1
DA:327,1
DA:328,1
DA:329,1
DA:333,1
DA:334,1
DA:336,0
DA:337,1
DA:338,1
DA:349,1
DA:350,1
DA:351,1
DA:369,0
DA:370,0
DA:371,0
DA:376,1
DA:377,1
DA:379,1
DA:385,1
DA:387,1
DA:389,1
DA:413,1
DA:415,1
DA:416,2
DA:417,1
DA:421,1
DA:422,1
DA:425,1
DA:435,1
DA:436,1
LF:145
LH:92
end_of_record
