SF:lib/utils/session_cookie.dart
DA:4,4
DA:5,2
LF:2
LH:2
end_of_record
SF:lib/utils/session_cookie_stub.dart
DA:1,2
DA:2,1
LF:2
LH:2
end_of_record
SF:lib/utils/formatters.dart
DA:8,3
DA:9,3
DA:10,15
DA:14,2
DA:15,8
DA:16,6
DA:17,2
DA:22,4
DA:23,4
DA:24,8
DA:25,4
DA:26,4
DA:27,4
DA:28,4
DA:29,4
DA:33,5
DA:34,15
DA:35,15
DA:36,13
DA:37,30
LF:20
LH:20
end_of_record
SF:lib/screens/forgot_password_screen.dart
DA:11,1
DA:13,1
DA:14,1
DA:22,1
DA:23,2
DA:31,1
DA:33,2
DA:34,1
DA:37,1
DA:38,3
DA:42,2
DA:43,1
DA:47,2
DA:48,3
DA:51,1
DA:53,2
DA:54,1
DA:55,1
DA:57,0
DA:58,0
DA:59,0
DA:60,0
DA:62,0
DA:63,0
DA:64,0
DA:69,0
DA:70,0
DA:71,0
DA:73,0
DA:74,0
DA:75,0
DA:82,1
DA:84,1
DA:86,1
DA:90,1
DA:92,0
DA:93,0
DA:101,1
DA:102,1
DA:103,1
DA:105,1
DA:107,1
DA:109,1
DA:111,1
DA:112,1
DA:114,1
DA:116,1
DA:117,1
DA:118,1
DA:128,1
DA:129,1
DA:130,1
DA:131,1
DA:133,1
DA:134,1
DA:135,1
DA:166,1
DA:167,1
DA:169,1
DA:173,1
DA:174,2
DA:178,1
DA:186,1
DA:188,1
DA:189,2
DA:190,1
DA:194,1
DA:195,1
DA:198,1
DA:208,1
DA:209,1
DA:232,1
DA:233,1
DA:235,1
DA:257,2
DA:258,3
DA:267,1
DA:269,1
DA:270,0
DA:271,0
DA:273,1
DA:277,1
DA:278,1
DA:291,1
DA:292,0
DA:293,0
DA:294,0
LF:87
LH:67
end_of_record
SF:lib/data/forgot_password_repository.dart
DA:10,0
DA:11,0
DA:13,0
DA:15,0
LF:4
LH:0
end_of_record
SF:lib/widgets/campo_decoration.dart
DA:5,4
DA:10,4
DA:12,4
DA:16,4
DA:17,4
DA:20,4
DA:21,4
DA:24,4
DA:25,4
LF:9
LH:9
end_of_record
SF:lib/widgets/correo_enviado_view.dart
DA:10,1
DA:19,1
DA:21,1
DA:23,1
DA:25,1
DA:28,1
DA:30,1
DA:35,1
DA:38,1
DA:39,1
DA:45,2
DA:46,1
DA:55,1
DA:57,1
DA:58,1
DA:59,1
DA:60,1
DA:63,1
DA:64,1
DA:77,1
DA:78,1
DA:79,1
DA:81,1
DA:82,1
LF:24
LH:24
end_of_record
SF:lib/screens/menu_assignment_screen.dart
DA:13,1
DA:21,1
DA:22,1
DA:28,1
DA:29,2
DA:38,1
DA:40,2
DA:41,2
DA:42,1
DA:45,1
DA:46,3
DA:50,2
DA:51,0
DA:54,2
DA:55,1
DA:60,7
DA:62,2
DA:63,2
DA:68,1
DA:70,1
DA:71,1
DA:72,3
DA:74,2
DA:76,0
DA:77,0
DA:79,1
DA:80,2
DA:81,1
DA:87,1
DA:89,1
DA:91,1
DA:102,1
DA:103,1
DA:105,1
DA:107,1
DA:109,1
DA:111,1
DA:112,1
DA:113,1
DA:115,1
DA:116,1
DA:117,3
DA:125,1
DA:126,1
DA:132,1
DA:133,2
DA:138,1
DA:139,1
DA:147,1
DA:148,2
DA:153,1
DA:155,1
DA:157,1
DA:179,1
DA:180,2
DA:181,1
DA:191,1
DA:192,1
DA:194,1
LF:59
LH:56
end_of_record
SF:lib/data/menu_assignment_repository.dart
DA:14,0
DA:15,0
DA:17,0
DA:23,0
LF:4
LH:0
end_of_record
SF:lib/widgets/mensajes.dart
DA:4,2
DA:9,4
DA:10,2
DA:11,2
LF:4
LH:4
end_of_record
SF:lib/screens/appointment_confirmation_screen.dart
DA:9,1
DA:11,1
DA:13,1
DA:25,1
DA:27,1
DA:28,4
DA:31,1
DA:32,4
DA:33,4
DA:34,1
DA:35,1
DA:36,1
DA:37,1
DA:38,2
DA:39,2
DA:43,1
DA:44,1
DA:45,1
DA:46,2
DA:49,1
DA:50,5
DA:51,4
DA:54,0
DA:55,0
DA:56,0
DA:60,0
DA:61,0
DA:62,0
DA:63,0
DA:65,0
DA:67,0
DA:68,0
DA:69,0
DA:72,0
DA:73,0
DA:74,0
DA:76,0
DA:77,0
DA:78,0
DA:85,1
DA:87,2
DA:88,2
DA:90,1
DA:92,1
DA:94,1
DA:105,1
DA:106,1
DA:107,1
DA:109,1
DA:111,1
DA:113,1
DA:115,1
DA:117,1
DA:118,1
DA:123,1
DA:134,1
DA:147,1
DA:148,5
DA:158,1
DA:162,1
DA:164,1
DA:165,1
DA:187,0
DA:196,1
DA:204,1
DA:205,1
DA:206,1
DA:208,1
DA:209,1
DA:211,0
DA:214,1
DA:223,1
DA:225,1
DA:226,1
DA:228,0
DA:231,1
DA:239,1
DA:241,1
DA:242,0
DA:243,1
LF:80
LH:59
end_of_record
SF:lib/screens/consultation_form_screen.dart
DA:9,1
DA:15,1
DA:17,1
DA:35,1
DA:37,2
DA:38,2
DA:39,2
DA:40,2
DA:41,2
DA:42,2
DA:43,1
DA:46,1
DA:47,3
DA:51,0
DA:54,0
DA:55,0
DA:59,0
DA:60,0
DA:61,0
DA:62,0
DA:63,0
DA:64,0
DA:65,0
DA:66,0
DA:67,0
DA:68,0
DA:71,0
DA:73,0
DA:80,0
DA:82,0
DA:83,0
DA:84,0
DA:85,0
DA:90,0
DA:91,0
DA:92,0
DA:98,1
DA:99,1
DA:101,1
DA:102,1
DA:103,1
DA:108,1
DA:110,1
DA:112,1
DA:123,1
DA:124,1
DA:126,1
DA:128,1
DA:130,1
DA:132,1
DA:133,1
DA:134,1
DA:136,1
DA:137,1
DA:138,3
DA:146,1
DA:147,1
DA:150,1
DA:154,1
DA:155,1
DA:160,1
DA:161,1
DA:164,1
DA:168,1
DA:169,1
DA:174,1
DA:175,1
DA:176,1
DA:191,0
DA:192,0
DA:193,0
DA:198,1
DA:199,1
DA:201,1
DA:202,1
DA:203,1
DA:208,1
DA:209,1
DA:212,1
DA:213,1
DA:214,1
DA:219,1
DA:220,1
DA:223,1
DA:227,1
DA:228,1
DA:233,1
DA:234,1
DA:236,1
DA:242,1
DA:243,2
DA:244,1
DA:254,1
DA:255,1
DA:257,1
LF:95
LH:69
end_of_record
SF:lib/screens/patient_dashboard_screen.dart
DA:16,1
DA:26,1
DA:28,1
DA:36,1
DA:37,2
DA:45,1
DA:47,1
DA:48,1
DA:51,1
DA:52,2
DA:53,0
DA:57,2
DA:58,2
DA:59,2
DA:60,2
DA:62,1
DA:64,2
DA:65,2
DA:66,1
DA:67,1
DA:68,1
DA:69,1
DA:72,0
DA:73,0
DA:74,0
DA:76,0
DA:77,0
DA:78,0
DA:85,1
DA:87,1
DA:94,4
DA:96,1
DA:98,1
DA:121,1
DA:122,1
DA:124,0
DA:125,0
DA:126,0
DA:127,0
DA:128,0
DA:132,1
DA:134,0
DA:135,0
DA:142,1
DA:144,1
DA:146,1
DA:147,2
DA:157,1
DA:158,1
DA:160,1
DA:161,1
DA:162,2
DA:179,1
DA:182,1
DA:184,1
DA:186,1
DA:188,1
DA:189,1
DA:191,1
DA:202,1
DA:204,1
DA:213,1
DA:214,1
DA:216,7
DA:224,1
DA:225,1
DA:227,2
DA:236,2
DA:238,1
DA:239,0
DA:240,0
DA:242,0
DA:243,0
DA:244,0
DA:245,0
DA:249,0
DA:251,1
DA:279,0
DA:284,1
DA:287,1
DA:288,1
DA:291,2
DA:293,1
DA:296,2
DA:298,1
DA:301,2
DA:303,1
DA:306,2
DA:310,1
DA:312,1
DA:320,1
DA:321,1
DA:325,1
DA:327,2
DA:328,0
DA:333,1
DA:336,1
DA:337,1
DA:340,1
DA:342,1
DA:343,1
DA:355,3
DA:356,1
DA:357,1
DA:358,2
DA:359,2
DA:360,4
DA:361,4
DA:362,4
DA:363,4
DA:364,4
DA:365,1
DA:366,3
DA:369,1
DA:373,1
DA:375,1
DA:383,1
DA:385,1
DA:386,0
DA:391,1
DA:394,1
DA:395,1
DA:398,1
DA:400,1
DA:404,1
DA:405,1
DA:408,1
DA:410,1
DA:418,1
DA:421,1
DA:431,1
DA:432,4
DA:437,1
DA:438,0
DA:439,0
DA:441,0
DA:445,1
LF:137
LH:110
end_of_record
SF:lib/data/patient_dashboard_repository.dart
DA:14,0
DA:15,0
DA:17,0
DA:19,0
DA:20,0
DA:21,0
DA:22,0
DA:23,0
DA:26,0
DA:28,0
DA:29,0
DA:30,0
DA:31,0
DA:32,0
DA:33,0
DA:34,0
DA:35,0
DA:36,0
DA:37,0
DA:38,0
DA:41,0
DA:43,0
DA:44,0
DA:45,0
DA:46,0
DA:47,0
DA:50,0
DA:52,0
DA:53,0
DA:54,0
DA:55,0
DA:56,0
DA:57,0
DA:58,0
LF:34
LH:0
end_of_record
SF:lib/widgets/logout_button.dart
DA:8,3
DA:14,3
DA:16,3
DA:18,0
DA:19,0
DA:20,0
DA:22,6
LF:7
LH:4
end_of_record
SF:lib/widgets/stat_card.dart
DA:13,3
DA:25,4
DA:27,4
DA:28,4
DA:29,4
DA:32,4
DA:33,2
DA:34,2
DA:38,4
DA:39,8
DA:40,4
DA:42,4
DA:43,12
DA:45,8
DA:47,4
DA:48,4
DA:49,4
DA:51,4
LF:18
LH:18
end_of_record
SF:lib/widgets/dashboard_scaffold.dart
DA:7,1
DA:13,5
DA:15,5
DA:16,5
DA:17,15
DA:28,5
DA:35,5
DA:37,5
DA:38,5
DA:39,5
DA:42,5
DA:43,5
DA:44,10
DA:45,5
DA:47,5
LF:15
LH:15
end_of_record
SF:lib/screens/patient_detail_screen.dart
DA:15,1
DA:24,1
DA:25,1
DA:32,1
DA:33,2
DA:39,1
DA:41,1
DA:42,1
DA:45,1
DA:47,4
DA:49,4
DA:51,1
DA:53,2
DA:54,1
DA:55,1
DA:56,1
DA:59,0
DA:60,0
DA:61,0
DA:62,0
DA:63,0
DA:70,1
DA:72,1
DA:79,1
DA:85,2
DA:86,4
DA:88,1
DA:90,1
DA:98,1
DA:99,1
DA:101,1
DA:102,1
DA:104,1
DA:106,1
DA:107,1
DA:108,1
DA:111,1
DA:112,1
DA:121,1
DA:122,1
DA:124,1
DA:125,1
DA:134,4
DA:135,4
DA:154,0
DA:159,1
DA:162,1
DA:163,1
DA:165,2
DA:171,1
DA:173,2
DA:179,1
DA:181,2
DA:187,1
DA:189,2
DA:197,1
DA:198,1
DA:206,1
DA:207,1
DA:210,1
DA:211,1
DA:212,0
DA:213,0
DA:215,0
DA:216,0
DA:217,0
DA:222,0
DA:227,1
DA:228,0
DA:229,0
DA:231,0
DA:232,0
DA:233,0
DA:242,1
DA:243,0
DA:244,0
DA:246,0
DA:247,0
DA:248,0
DA:259,1
DA:260,1
DA:268,1
DA:269,2
DA:270,0
DA:275,1
DA:277,1
DA:279,1
DA:286,3
DA:287,2
DA:288,1
DA:289,2
DA:290,2
DA:291,4
DA:292,4
DA:293,4
DA:295,1
LF:96
LH:73
end_of_record
SF:lib/data/patient_detail_repository.dart
DA:11,0
DA:12,0
DA:14,0
DA:16,0
DA:19,0
DA:21,0
DA:22,0
DA:23,0
DA:24,0
DA:25,0
LF:10
LH:0
end_of_record
SF:lib/screens/schedule_appointment_screen.dart
DA:11,0
DA:17,1
DA:19,1
DA:40,1
DA:42,2
DA:43,1
DA:46,0
DA:47,0
DA:48,0
DA:49,0
DA:50,0
DA:51,0
DA:56,0
DA:57,0
DA:62,0
DA:63,0
DA:64,0
DA:70,0
DA:71,0
DA:76,1
DA:77,3
DA:81,1
DA:82,3
DA:92,0
DA:95,0
DA:96,0
DA:100,0
DA:101,0
DA:102,0
DA:103,0
DA:104,0
DA:105,0
DA:106,0
DA:108,0
DA:109,0
DA:110,0
DA:111,0
DA:112,0
DA:115,0
DA:118,0
DA:120,0
DA:128,0
DA:130,0
DA:131,0
DA:132,0
DA:133,0
DA:139,0
DA:140,0
DA:141,0
DA:147,1
DA:149,1
DA:151,1
DA:155,1
DA:157,0
DA:158,0
DA:173,1
DA:174,1
DA:176,1
DA:178,1
DA:180,1
DA:182,1
DA:183,1
DA:185,1
DA:187,1
DA:188,1
DA:189,1
DA:191,1
DA:192,1
DA:193,1
DA:203,1
DA:204,1
DA:206,1
DA:216,1
DA:217,3
DA:228,1
DA:230,1
DA:232,1
DA:234,1
DA:235,1
DA:239,1
DA:240,3
DA:250,1
DA:251,1
DA:252,1
DA:266,0
DA:267,0
DA:268,0
DA:273,1
DA:274,1
DA:275,1
DA:276,1
DA:277,1
DA:278,1
DA:279,1
DA:280,1
DA:284,1
DA:285,1
DA:287,0
DA:288,1
DA:289,1
DA:298,1
DA:299,1
DA:300,1
DA:301,1
DA:302,1
DA:303,1
DA:307,1
DA:308,1
DA:310,0
DA:311,1
DA:312,1
DA:323,1
DA:324,1
DA:325,1
DA:343,0
DA:344,0
DA:345,0
DA:350,1
DA:351,1
DA:353,1
DA:359,1
DA:361,1
DA:363,1
DA:387,1
DA:389,1
DA:390,2
DA:391,1
DA:395,1
DA:396,1
DA:399,1
DA:409,1
DA:410,1
LF:132
LH:82
end_of_record
SF:lib/screens/login_screen.dart
DA:14,1
DA:16,1
DA:17,1
DA:26,1
DA:27,2
DA:33,1
DA:35,2
DA:36,2
DA:37,1
DA:40,1
DA:41,4
DA:42,3
DA:43,2
DA:47,2
DA:48,1
DA:52,2
DA:53,3
DA:54,2
DA:57,1
DA:59,1
DA:61,2
DA:63,1
DA:66,1
DA:67,2
DA:69,0
DA:70,0
DA:73,0
DA:75,0
DA:76,0
DA:77,0
DA:79,0
DA:80,0
DA:82,1
DA:83,2
DA:84,1
DA:90,1
DA:92,1
DA:94,1
DA:95,1
DA:96,1
DA:97,1
DA:100,1
DA:109,1
DA:112,1
DA:121,1
DA:122,1
DA:127,1
DA:129,1
DA:131,1
DA:133,1
DA:134,1
DA:136,1
DA:138,1
DA:140,1
DA:141,1
DA:142,1
DA:167,1
DA:168,1
DA:170,1
DA:176,1
DA:177,1
DA:179,1
DA:184,1
DA:186,1
DA:187,0
DA:188,0
DA:190,0
DA:191,0
DA:205,1
DA:207,1
DA:208,2
DA:209,1
DA:213,1
DA:214,1
DA:217,1
DA:252,1
DA:254,1
DA:255,0
DA:256,0
DA:258,0
DA:259,0
DA:273,1
DA:279,1
DA:280,1
LF:84
LH:68
end_of_record
SF:lib/data/login_repository.dart
DA:14,0
DA:15,0
DA:17,0
DA:22,0
DA:27,0
DA:29,0
DA:32,0
DA:35,0
DA:37,0
DA:38,0
DA:39,0
DA:40,0
DA:41,0
DA:42,0
LF:14
LH:0
end_of_record
SF:lib/screens/register_screen.dart
DA:7,1
DA:9,1
DA:10,1
DA:31,1
DA:33,2
DA:34,2
DA:35,2
DA:36,2
DA:37,2
DA:38,1
DA:41,1
DA:42,3
DA:46,0
DA:47,0
DA:50,0
DA:53,0
DA:54,0
DA:55,0
DA:56,0
DA:57,0
DA:58,0
DA:63,0
DA:65,0
DA:66,0
DA:70,0
DA:71,0
DA:72,0
DA:78,0
DA:80,0
DA:81,0
DA:82,0
DA:83,0
DA:84,0
DA:90,0
DA:91,0
DA:92,0
DA:93,0
DA:99,0
DA:100,0
DA:101,0
DA:107,1
DA:109,1
DA:111,1
DA:115,1
DA:117,0
DA:118,0
DA:126,1
DA:127,1
DA:128,1
DA:130,1
DA:132,1
DA:134,1
DA:136,1
DA:137,1
DA:139,1
DA:141,1
DA:142,1
DA:143,1
DA:145,1
DA:146,1
DA:147,1
DA:171,1
DA:172,1
DA:174,1
DA:178,1
DA:179,2
DA:186,1
DA:187,1
DA:189,1
DA:193,1
DA:194,2
DA:198,0
DA:206,1
DA:207,1
DA:209,1
DA:213,1
DA:214,2
DA:221,1
DA:222,1
DA:223,1
DA:224,1
DA:227,1
DA:229,0
DA:230,0
DA:231,0
DA:234,1
DA:235,1
DA:241,1
DA:242,2
DA:249,1
DA:250,1
DA:251,1
DA:252,1
DA:255,1
DA:257,0
DA:258,0
DA:259,0
DA:260,0
DA:263,1
DA:264,1
DA:270,1
DA:271,3
DA:278,1
DA:280,1
DA:281,1
DA:282,1
DA:292,1
DA:293,1
DA:297,1
DA:298,2
DA:299,1
DA:304,2
DA:306,1
DA:308,1
DA:310,1
DA:311,1
DA:336,1
DA:337,1
DA:339,1
DA:340,2
DA:341,1
DA:345,1
DA:346,1
DA:349,1
DA:367,1
DA:368,1
LF:126
LH:88
end_of_record
SF:lib/screens/nutritionist_dashboard_screen.dart
DA:15,1
DA:25,1
DA:27,1
DA:36,3
DA:37,0
DA:47,1
DA:49,1
DA:50,1
DA:53,1
DA:54,2
DA:55,0
DA:59,2
DA:60,2
DA:61,2
DA:63,2
DA:65,2
DA:67,1
DA:69,2
DA:70,2
DA:71,1
DA:72,2
DA:73,1
DA:74,1
DA:75,1
DA:76,1
DA:79,0
DA:80,0
DA:81,0
DA:82,0
DA:83,0
DA:90,0
DA:91,0
DA:92,0
DA:93,0
DA:97,1
DA:99,1
DA:106,1
DA:108,1
DA:131,1
DA:132,1
DA:134,0
DA:135,0
DA:136,0
DA:137,0
DA:138,0
DA:142,1
DA:144,0
DA:145,0
DA:152,1
DA:154,1
DA:156,1
DA:157,2
DA:167,1
DA:168,1
DA:170,1
DA:171,1
DA:172,2
DA:188,1
DA:191,1
DA:192,1
DA:195,2
DA:198,1
DA:201,2
DA:204,1
DA:207,2
DA:210,1
DA:213,2
DA:228,1
DA:231,1
DA:232,1
DA:236,1
DA:238,1
DA:242,1
DA:244,1
DA:248,1
DA:250,1
DA:254,1
DA:259,1
DA:261,1
DA:270,1
DA:271,0
DA:272,0
DA:288,2
DA:289,0
DA:292,0
DA:293,0
DA:305,1
DA:308,1
DA:309,1
DA:312,1
DA:313,1
DA:314,5
DA:315,1
DA:316,4
DA:317,3
DA:318,3
DA:319,4
DA:323,4
DA:327,4
DA:328,0
DA:333,1
DA:334,1
DA:342,1
DA:343,1
DA:346,1
DA:348,1
DA:349,1
DA:353,1
DA:354,1
DA:361,1
DA:362,1
DA:363,2
DA:365,2
DA:373,1
DA:374,0
DA:375,0
DA:380,1
DA:403,1
DA:410,1
DA:412,1
DA:414,1
DA:417,1
DA:418,1
DA:421,1
DA:423,1
DA:424,1
DA:425,1
DA:427,2
DA:428,3
DA:431,1
DA:432,1
DA:434,1
DA:435,1
DA:436,1
DA:443,1
DA:444,1
DA:468,1
DA:475,1
DA:477,1
DA:479,1
DA:480,1
DA:481,1
DA:482,1
DA:485,1
DA:486,1
DA:489,1
DA:491,1
DA:493,1
DA:494,1
DA:496,1
DA:497,1
DA:502,1
DA:503,1
DA:511,1
DA:512,1
DA:534,1
DA:542,1
DA:544,1
DA:549,1
DA:552,1
DA:554,1
DA:556,1
DA:557,1
DA:566,1
DA:567,1
DA:573,2
DA:574,1
DA:579,1
DA:580,2
DA:581,1
DA:583,1
DA:584,1
DA:585,1
DA:586,1
LF:174
LH:148
end_of_record
SF:lib/data/nutritionist_dashboard_repository.dart
DA:15,0
DA:16,0
DA:18,0
DA:20,0
DA:21,0
DA:22,0
DA:23,0
DA:24,0
DA:27,0
DA:30,0
DA:31,0
DA:34,0
DA:37,0
DA:39,0
DA:40,0
DA:41,0
DA:42,0
DA:43,0
DA:44,0
DA:45,0
DA:48,0
DA:49,0
DA:50,0
DA:52,0
DA:53,0
DA:54,0
DA:55,0
DA:56,0
DA:57,0
DA:58,0
DA:59,0
DA:63,0
DA:64,0
DA:66,0
DA:68,0
DA:71,0
DA:73,0
DA:74,0
DA:75,0
DA:76,0
DA:77,0
DA:78,0
DA:81,0
DA:83,0
DA:84,0
DA:85,0
DA:86,0
DA:87,0
DA:88,0
DA:89,0
DA:90,0
DA:91,0
LF:52
LH:0
end_of_record
SF:lib/screens/patients_screen.dart
DA:7,1
DA:9,0
DA:10,0
DA:22,0
DA:24,0
DA:25,0
DA:28,0
DA:29,0
DA:33,0
DA:34,0
DA:35,0
DA:36,0
DA:37,0
DA:39,0
DA:40,0
DA:41,0
DA:42,0
DA:43,0
DA:44,0
DA:45,0
DA:47,0
DA:48,0
DA:49,0
DA:50,0
DA:51,0
DA:55,0
DA:57,0
DA:58,0
DA:59,0
DA:62,0
DA:64,0
DA:66,0
DA:67,0
DA:68,0
DA:69,0
DA:72,0
DA:73,0
DA:76,0
DA:77,0
DA:78,0
DA:79,0
DA:80,0
DA:87,0
DA:89,0
DA:90,0
DA:91,0
DA:92,0
DA:93,0
DA:95,0
DA:97,0
DA:105,0
DA:107,0
DA:108,0
DA:109,0
DA:111,0
DA:112,0
DA:113,0
DA:114,0
DA:115,0
DA:116,0
DA:119,0
DA:124,0
DA:125,0
DA:131,0
DA:132,0
DA:133,0
DA:144,0
DA:145,0
DA:146,0
DA:148,0
DA:149,0
DA:150,0
DA:152,0
DA:154,0
DA:156,0
DA:159,0
DA:160,0
DA:161,0
DA:169,0
DA:176,0
DA:177,0
DA:185,0
DA:186,0
DA:188,0
DA:189,0
DA:190,0
DA:191,0
LF:87
LH:1
end_of_record
SF:lib/screens/admin_dashboard_screen.dart
DA:16,1
DA:25,1
DA:26,1
DA:33,1
DA:34,2
DA:43,1
DA:45,1
DA:46,1
DA:49,1
DA:50,2
DA:51,0
DA:55,2
DA:56,2
DA:57,2
DA:59,1
DA:61,1
DA:62,1
DA:64,1
DA:66,2
DA:67,1
DA:68,2
DA:69,1
DA:70,5
DA:71,1
DA:72,5
DA:73,1
DA:74,1
DA:77,0
DA:78,0
DA:79,0
DA:80,0
DA:81,0
DA:88,0
DA:89,0
DA:90,0
DA:91,0
DA:92,0
DA:95,1
DA:97,1
DA:104,1
DA:106,1
DA:113,1
DA:114,1
DA:116,0
DA:117,0
DA:118,0
DA:119,0
DA:120,0
DA:124,1
DA:126,1
DA:128,1
DA:129,1
DA:136,1
DA:137,1
DA:139,1
DA:149,1
DA:152,1
DA:153,1
DA:155,2
DA:161,1
DA:163,2
DA:169,1
DA:171,2
DA:177,1
DA:179,2
DA:197,1
DA:200,1
DA:201,1
DA:202,1
DA:205,1
DA:210,1
DA:211,0
DA:212,0
DA:220,1
DA:221,1
LF:75
LH:57
end_of_record
SF:lib/data/admin_dashboard_repository.dart
DA:12,0
DA:13,0
DA:15,0
DA:17,0
DA:18,0
DA:19,0
DA:20,0
DA:21,0
DA:24,0
DA:26,0
DA:29,0
DA:31,0
DA:32,0
DA:33,0
DA:34,0
DA:35,0
DA:36,0
DA:37,0
DA:38,0
LF:19
LH:0
end_of_record
SF:lib/screens/user_management_screen.dart
DA:6,1
DA:8,0
DA:9,0
DA:21,0
DA:23,0
DA:24,0
DA:25,0
DA:28,0
DA:30,0
DA:31,0
DA:32,0
DA:33,0
DA:34,0
DA:36,0
DA:38,0
DA:39,0
DA:40,0
DA:43,0
DA:44,0
DA:45,0
DA:46,0
DA:47,0
DA:54,0
DA:56,0
DA:58,0
DA:60,0
DA:67,0
DA:69,0
DA:71,0
DA:73,0
DA:74,0
DA:75,0
DA:76,0
DA:80,0
DA:81,0
DA:83,0
DA:88,0
DA:89,0
DA:90,0
DA:91,0
DA:98,0
DA:100,0
DA:102,0
DA:104,0
DA:105,0
DA:106,0
DA:107,0
DA:111,0
DA:112,0
DA:113,0
DA:118,0
DA:119,0
DA:120,0
DA:121,0
DA:128,0
DA:130,0
DA:132,0
DA:143,0
DA:145,0
DA:146,0
DA:147,0
DA:150,0
DA:151,0
DA:152,0
DA:153,0
DA:154,0
DA:155,0
DA:156,0
DA:158,0
DA:160,0
DA:162,0
DA:164,0
DA:165,0
DA:166,0
DA:167,0
DA:169,0
DA:170,0
DA:171,0
DA:180,0
DA:181,0
DA:184,0
DA:185,0
DA:192,0
DA:197,0
DA:202,0
DA:204,0
DA:206,0
DA:207,0
DA:216,0
DA:217,0
DA:232,0
DA:233,0
DA:234,0
DA:239,0
DA:241,0
DA:243,0
DA:245,0
DA:246,0
DA:250,0
DA:251,0
DA:264,0
DA:265,0
DA:266,0
LF:103
LH:1
end_of_record
